./logs/02-Apr-24 01:41:32::__main__::INFO::{'phone_number': 8328369584, 'profile_path': '', 'positions': ['Data Scientist', 'Machine Learning Engineer'], 'locations': ['Pennsylvania', 'Minnesota', 'United States'], 'experience_level': ['Entry Level', 'Associate'], 'job_type': ['Full-time'], 'salary': 95000, 'rate': 45, 'uploads': {'Resume': 'C:\\Users\\michaelramirez\\Documents\\Michael Ramirez Resume.pdf'}, 'output_filename': ['output.csv'], 'blacklist': ['Jobot']}
./logs/02-Apr-24 01:41:32::__main__::INFO::Welcome to Easy Apply Bot
./logs/02-Apr-24 01:41:32::__main__::INFO::current directory is : /Users/michaelramirez/Robot/LinkedIn-Easy-Apply-Bot
./logs/02-Apr-24 01:41:32::__main__::INFO::185 jobIDs found
./logs/02-Apr-24 01:41:34::__main__::INFO::Logging in.....Please wait :)  
./logs/02-Apr-24 01:42:02::__main__::INFO::Applying to Machine Learning Engineer: Minnesota
./logs/02-Apr-24 01:42:02::__main__::INFO::Looking for jobs.. Please wait..
./logs/02-Apr-24 01:42:05::__main__::INFO::Loading next job page?
./logs/02-Apr-24 01:42:13::__main__::INFO::Looking for jobs.. Please wait..
./logs/02-Apr-24 01:42:13::__main__::INFO::59.0 minutes left in this search
./logs/02-Apr-24 01:42:13::__main__::DEBUG::Sleeping for 2.1
./logs/02-Apr-24 01:42:26::__main__::DEBUG::Easy Apply button not found
./logs/02-Apr-24 01:42:26::__main__::INFO::Clicking the EASY apply button
./logs/02-Apr-24 01:42:29::__main__::ERROR::Message: invalid argument: File not found : C:\Users\michaelramirez\Documents\Michael Ramirez Resume.pdf
  (Session info: chrome=123.0.6312.87)
Stacktrace:
0   chromedriver                        0x0000000102fd841c chromedriver + 4326428
1   chromedriver                        0x0000000102fd08e4 chromedriver + 4294884
2   chromedriver                        0x0000000102bfc088 chromedriver + 278664
3   chromedriver                        0x0000000102c38268 chromedriver + 524904
4   chromedriver                        0x0000000102c34dd0 chromedriver + 511440
5   chromedriver                        0x0000000102c774f8 chromedriver + 783608
6   chromedriver                        0x0000000102c334e4 chromedriver + 505060
7   chromedriver                        0x0000000102c33f5c chromedriver + 507740
8   chromedriver                        0x0000000102f9b9b8 chromedriver + 4078008
9   chromedriver                        0x0000000102fa0770 chromedriver + 4097904
10  chromedriver                        0x0000000102f8255c chromedriver + 3974492
11  chromedriver                        0x0000000102fa1088 chromedriver + 4100232
12  chromedriver                        0x0000000102f73b4c chromedriver + 3914572
13  chromedriver                        0x0000000102fc1690 chromedriver + 4232848
14  chromedriver                        0x0000000102fc180c chromedriver + 4233228
15  chromedriver                        0x0000000102fd0558 chromedriver + 4293976
16  libsystem_pthread.dylib             0x000000018744e034 _pthread_start + 136
17  libsystem_pthread.dylib             0x0000000187448e3c thread_start + 8

./logs/02-Apr-24 01:42:29::__main__::ERROR::Resume upload failed
./logs/02-Apr-24 01:42:29::__main__::DEBUG::Resume: C:\Users\michaelramirez\Documents\Michael Ramirez Resume.pdf
./logs/02-Apr-24 01:42:29::__main__::DEBUG::Resume Locator: <selenium.webdriver.remote.webelement.WebElement (session="032a0b249212b300427a8a31fbee0e41", element="f.25FF4C904B1340A2539ADD865CDE78B0.d.893DDCF624563700CE327A259998E802.e.453")>
./logs/02-Apr-24 01:42:29::__main__::ERROR::'Cover Letter'
./logs/02-Apr-24 01:42:29::__main__::ERROR::cannot apply to this job
./logs/02-Apr-24 01:42:29::__main__::INFO::
Position 3866620420:
 (5) Staff Machine Learning Engineer | Path Robotics | LinkedIn 
 *Did not apply: Failed to send Resume 

./logs/02-Apr-24 01:42:29::__main__::INFO::Failed to apply to 3866620420
./logs/02-Apr-24 01:42:36::__main__::DEBUG::Easy Apply button not found
./logs/02-Apr-24 01:42:36::__main__::INFO::Clicking the EASY apply button
./logs/02-Apr-24 01:42:40::__main__::INFO::Please answer the questions, waiting 5 seconds...
./logs/02-Apr-24 01:42:45::__main__::INFO::Skipping application
./logs/02-Apr-24 01:42:46::__main__::INFO::Please answer the questions, waiting 5 seconds...
./logs/02-Apr-24 01:42:52::__main__::INFO::Skipping application
./logs/02-Apr-24 01:42:54::__main__::ERROR::Message: invalid argument: File not found : C:\Users\michaelramirez\Documents\Michael Ramirez Resume.pdf
  (Session info: chrome=123.0.6312.87)
Stacktrace:
0   chromedriver                        0x0000000102fd841c chromedriver + 4326428
1   chromedriver                        0x0000000102fd08e4 chromedriver + 4294884
2   chromedriver                        0x0000000102bfc088 chromedriver + 278664
3   chromedriver                        0x0000000102c38268 chromedriver + 524904
4   chromedriver                        0x0000000102c34dd0 chromedriver + 511440
5   chromedriver                        0x0000000102c774f8 chromedriver + 783608
6   chromedriver                        0x0000000102c334e4 chromedriver + 505060
7   chromedriver                        0x0000000102c33f5c chromedriver + 507740
8   chromedriver                        0x0000000102f9b9b8 chromedriver + 4078008
9   chromedriver                        0x0000000102fa0770 chromedriver + 4097904
10  chromedriver                        0x0000000102f8255c chromedriver + 3974492
11  chromedriver                        0x0000000102fa1088 chromedriver + 4100232
12  chromedriver                        0x0000000102f73b4c chromedriver + 3914572
13  chromedriver                        0x0000000102fc1690 chromedriver + 4232848
14  chromedriver                        0x0000000102fc180c chromedriver + 4233228
15  chromedriver                        0x0000000102fd0558 chromedriver + 4293976
16  libsystem_pthread.dylib             0x000000018744e034 _pthread_start + 136
17  libsystem_pthread.dylib             0x0000000187448e3c thread_start + 8

./logs/02-Apr-24 01:42:54::__main__::ERROR::Resume upload failed
./logs/02-Apr-24 01:42:54::__main__::DEBUG::Resume: C:\Users\michaelramirez\Documents\Michael Ramirez Resume.pdf
./logs/02-Apr-24 01:42:54::__main__::DEBUG::Resume Locator: <selenium.webdriver.remote.webelement.WebElement (session="032a0b249212b300427a8a31fbee0e41", element="f.25FF4C904B1340A2539ADD865CDE78B0.d.2B6070C20706D13E8017AF30BE80F8FF.e.535")>
./logs/02-Apr-24 01:42:54::__main__::ERROR::'Cover Letter'
./logs/02-Apr-24 01:42:54::__main__::ERROR::cannot apply to this job
./logs/02-Apr-24 01:42:54::__main__::INFO::
Position 3835742380:
 (5) Principal AI/ML Engineer, Search & Recommendations | Upwork | LinkedIn 
 *Did not apply: Failed to send Resume 

./logs/02-Apr-24 01:42:54::__main__::INFO::Failed to apply to 3835742380
./logs/02-Apr-24 01:43:00::__main__::DEBUG::Easy Apply button not found
./logs/02-Apr-24 01:43:00::__main__::INFO::Clicking the EASY apply button
./logs/02-Apr-24 01:43:04::__main__::ERROR::Message: invalid argument: File not found : C:\Users\michaelramirez\Documents\Michael Ramirez Resume.pdf
  (Session info: chrome=123.0.6312.87)
Stacktrace:
0   chromedriver                        0x0000000102fd841c chromedriver + 4326428
1   chromedriver                        0x0000000102fd08e4 chromedriver + 4294884
2   chromedriver                        0x0000000102bfc088 chromedriver + 278664
3   chromedriver                        0x0000000102c38268 chromedriver + 524904
4   chromedriver                        0x0000000102c34dd0 chromedriver + 511440
5   chromedriver                        0x0000000102c774f8 chromedriver + 783608
6   chromedriver                        0x0000000102c334e4 chromedriver + 505060
7   chromedriver                        0x0000000102c33f5c chromedriver + 507740
8   chromedriver                        0x0000000102f9b9b8 chromedriver + 4078008
9   chromedriver                        0x0000000102fa0770 chromedriver + 4097904
10  chromedriver                        0x0000000102f8255c chromedriver + 3974492
11  chromedriver                        0x0000000102fa1088 chromedriver + 4100232
12  chromedriver                        0x0000000102f73b4c chromedriver + 3914572
13  chromedriver                        0x0000000102fc1690 chromedriver + 4232848
14  chromedriver                        0x0000000102fc180c chromedriver + 4233228
15  chromedriver                        0x0000000102fd0558 chromedriver + 4293976
16  libsystem_pthread.dylib             0x000000018744e034 _pthread_start + 136
17  libsystem_pthread.dylib             0x0000000187448e3c thread_start + 8

./logs/02-Apr-24 01:43:04::__main__::ERROR::Resume upload failed
./logs/02-Apr-24 01:43:04::__main__::DEBUG::Resume: C:\Users\michaelramirez\Documents\Michael Ramirez Resume.pdf
./logs/02-Apr-24 01:43:04::__main__::DEBUG::Resume Locator: <selenium.webdriver.remote.webelement.WebElement (session="032a0b249212b300427a8a31fbee0e41", element="f.25FF4C904B1340A2539ADD865CDE78B0.d.CCD5D93BBC04B22FEE67A0FE811175F3.e.611")>
./logs/02-Apr-24 01:43:07::__main__::INFO::Application Submitted
./logs/02-Apr-24 01:43:08::__main__::INFO::Application Submitted
./logs/02-Apr-24 01:43:08::__main__::INFO::
Position 3870358016:
 (5) Machine Learning Engineer | Optomi | LinkedIn 
 *Applied: Sent Resume 

./logs/02-Apr-24 01:43:08::__main__::INFO::Applied to 3870358016
./logs/02-Apr-24 01:43:15::__main__::DEBUG::Easy Apply button not found
./logs/02-Apr-24 01:43:15::__main__::INFO::Clicking the EASY apply button
./logs/02-Apr-24 01:43:18::__main__::ERROR::Message: invalid argument: File not found : C:\Users\michaelramirez\Documents\Michael Ramirez Resume.pdf
  (Session info: chrome=123.0.6312.87)
Stacktrace:
0   chromedriver                        0x0000000102fd841c chromedriver + 4326428
1   chromedriver                        0x0000000102fd08e4 chromedriver + 4294884
2   chromedriver                        0x0000000102bfc088 chromedriver + 278664
3   chromedriver                        0x0000000102c38268 chromedriver + 524904
4   chromedriver                        0x0000000102c34dd0 chromedriver + 511440
5   chromedriver                        0x0000000102c774f8 chromedriver + 783608
6   chromedriver                        0x0000000102c334e4 chromedriver + 505060
7   chromedriver                        0x0000000102c33f5c chromedriver + 507740
8   chromedriver                        0x0000000102f9b9b8 chromedriver + 4078008
9   chromedriver                        0x0000000102fa0770 chromedriver + 4097904
10  chromedriver                        0x0000000102f8255c chromedriver + 3974492
11  chromedriver                        0x0000000102fa1088 chromedriver + 4100232
12  chromedriver                        0x0000000102f73b4c chromedriver + 3914572
13  chromedriver                        0x0000000102fc1690 chromedriver + 4232848
14  chromedriver                        0x0000000102fc180c chromedriver + 4233228
15  chromedriver                        0x0000000102fd0558 chromedriver + 4293976
16  libsystem_pthread.dylib             0x000000018744e034 _pthread_start + 136
17  libsystem_pthread.dylib             0x0000000187448e3c thread_start + 8

./logs/02-Apr-24 01:43:18::__main__::ERROR::Resume upload failed
./logs/02-Apr-24 01:43:18::__main__::DEBUG::Resume: C:\Users\michaelramirez\Documents\Michael Ramirez Resume.pdf
./logs/02-Apr-24 01:43:18::__main__::DEBUG::Resume Locator: <selenium.webdriver.remote.webelement.WebElement (session="032a0b249212b300427a8a31fbee0e41", element="f.25FF4C904B1340A2539ADD865CDE78B0.d.216B8730CF5B83EA5005FCDCCB829C8C.e.719")>
./logs/02-Apr-24 01:43:18::__main__::ERROR::'Cover Letter'
./logs/02-Apr-24 01:43:18::__main__::ERROR::cannot apply to this job
./logs/02-Apr-24 01:43:18::__main__::INFO::
Position 3865698147:
 (5) Research Engineer - Machine Learning | Cloudflare | LinkedIn 
 *Did not apply: Failed to send Resume 

./logs/02-Apr-24 01:43:18::__main__::INFO::Failed to apply to 3865698147
./logs/02-Apr-24 01:43:25::__main__::DEBUG::Easy Apply button not found
./logs/02-Apr-24 01:43:25::__main__::INFO::Clicking the EASY apply button
./logs/02-Apr-24 01:43:28::__main__::ERROR::Message: invalid argument: File not found : C:\Users\michaelramirez\Documents\Michael Ramirez Resume.pdf
  (Session info: chrome=123.0.6312.87)
Stacktrace:
0   chromedriver                        0x0000000102fd841c chromedriver + 4326428
1   chromedriver                        0x0000000102fd08e4 chromedriver + 4294884
2   chromedriver                        0x0000000102bfc088 chromedriver + 278664
3   chromedriver                        0x0000000102c38268 chromedriver + 524904
4   chromedriver                        0x0000000102c34dd0 chromedriver + 511440
5   chromedriver                        0x0000000102c774f8 chromedriver + 783608
6   chromedriver                        0x0000000102c334e4 chromedriver + 505060
7   chromedriver                        0x0000000102c33f5c chromedriver + 507740
8   chromedriver                        0x0000000102f9b9b8 chromedriver + 4078008
9   chromedriver                        0x0000000102fa0770 chromedriver + 4097904
10  chromedriver                        0x0000000102f8255c chromedriver + 3974492
11  chromedriver                        0x0000000102fa1088 chromedriver + 4100232
12  chromedriver                        0x0000000102f73b4c chromedriver + 3914572
13  chromedriver                        0x0000000102fc1690 chromedriver + 4232848
14  chromedriver                        0x0000000102fc180c chromedriver + 4233228
15  chromedriver                        0x0000000102fd0558 chromedriver + 4293976
16  libsystem_pthread.dylib             0x000000018744e034 _pthread_start + 136
17  libsystem_pthread.dylib             0x0000000187448e3c thread_start + 8

./logs/02-Apr-24 01:43:28::__main__::ERROR::Resume upload failed
./logs/02-Apr-24 01:43:28::__main__::DEBUG::Resume: C:\Users\michaelramirez\Documents\Michael Ramirez Resume.pdf
./logs/02-Apr-24 01:43:28::__main__::DEBUG::Resume Locator: <selenium.webdriver.remote.webelement.WebElement (session="032a0b249212b300427a8a31fbee0e41", element="f.25FF4C904B1340A2539ADD865CDE78B0.d.DAF2B954E3625B251B5F1CF687976BFC.e.798")>
./logs/02-Apr-24 01:43:31::__main__::INFO::Please answer the questions, waiting 5 seconds...
./logs/02-Apr-24 01:43:36::__main__::INFO::Skipping application
./logs/02-Apr-24 01:43:37::__main__::INFO::Please answer the questions, waiting 5 seconds...
./logs/02-Apr-24 01:43:42::__main__::INFO::Skipping application
./logs/02-Apr-24 01:43:45::__main__::INFO::Application Submitted
./logs/02-Apr-24 01:43:46::__main__::INFO::Application Submitted
./logs/02-Apr-24 01:43:46::__main__::INFO::
Position 3848528357:
 (5) Founding ML Engineer | Alldus | LinkedIn 
 *Applied: Sent Resume 

./logs/02-Apr-24 01:43:46::__main__::INFO::Applied to 3848528357
./logs/02-Apr-24 01:43:53::__main__::DEBUG::Easy Apply button not found
./logs/02-Apr-24 01:43:53::__main__::INFO::Clicking the EASY apply button
./logs/02-Apr-24 01:43:57::__main__::ERROR::Message: invalid argument: File not found : C:\Users\michaelramirez\Documents\Michael Ramirez Resume.pdf
  (Session info: chrome=123.0.6312.87)
Stacktrace:
0   chromedriver                        0x0000000102fd841c chromedriver + 4326428
1   chromedriver                        0x0000000102fd08e4 chromedriver + 4294884
2   chromedriver                        0x0000000102bfc088 chromedriver + 278664
3   chromedriver                        0x0000000102c38268 chromedriver + 524904
4   chromedriver                        0x0000000102c34dd0 chromedriver + 511440
5   chromedriver                        0x0000000102c774f8 chromedriver + 783608
6   chromedriver                        0x0000000102c334e4 chromedriver + 505060
7   chromedriver                        0x0000000102c33f5c chromedriver + 507740
8   chromedriver                        0x0000000102f9b9b8 chromedriver + 4078008
9   chromedriver                        0x0000000102fa0770 chromedriver + 4097904
10  chromedriver                        0x0000000102f8255c chromedriver + 3974492
11  chromedriver                        0x0000000102fa1088 chromedriver + 4100232
12  chromedriver                        0x0000000102f73b4c chromedriver + 3914572
13  chromedriver                        0x0000000102fc1690 chromedriver + 4232848
14  chromedriver                        0x0000000102fc180c chromedriver + 4233228
15  chromedriver                        0x0000000102fd0558 chromedriver + 4293976
16  libsystem_pthread.dylib             0x000000018744e034 _pthread_start + 136
17  libsystem_pthread.dylib             0x0000000187448e3c thread_start + 8

./logs/02-Apr-24 01:43:57::__main__::ERROR::Resume upload failed
./logs/02-Apr-24 01:43:57::__main__::DEBUG::Resume: C:\Users\michaelramirez\Documents\Michael Ramirez Resume.pdf
./logs/02-Apr-24 01:43:57::__main__::DEBUG::Resume Locator: <selenium.webdriver.remote.webelement.WebElement (session="032a0b249212b300427a8a31fbee0e41", element="f.25FF4C904B1340A2539ADD865CDE78B0.d.35EF7C3C6233F8CA7EF6CF023EA90FD2.e.909")>
./logs/02-Apr-24 01:43:59::__main__::INFO::Application Submitted
./logs/02-Apr-24 01:44:00::__main__::INFO::Application Submitted
./logs/02-Apr-24 01:44:00::__main__::INFO::
Position 3868070151:
 (5) Machine Learning Engineer [4414] | Stealth | LinkedIn 
 *Applied: Sent Resume 

./logs/02-Apr-24 01:44:00::__main__::INFO::Applied to 3868070151
./logs/02-Apr-24 01:44:07::__main__::DEBUG::Easy Apply button not found
./logs/02-Apr-24 01:44:07::__main__::INFO::Clicking the EASY apply button
./logs/02-Apr-24 01:44:11::__main__::ERROR::Message: invalid argument: File not found : C:\Users\michaelramirez\Documents\Michael Ramirez Resume.pdf
  (Session info: chrome=123.0.6312.87)
Stacktrace:
0   chromedriver                        0x0000000102fd841c chromedriver + 4326428
1   chromedriver                        0x0000000102fd08e4 chromedriver + 4294884
2   chromedriver                        0x0000000102bfc088 chromedriver + 278664
3   chromedriver                        0x0000000102c38268 chromedriver + 524904
4   chromedriver                        0x0000000102c34dd0 chromedriver + 511440
5   chromedriver                        0x0000000102c774f8 chromedriver + 783608
6   chromedriver                        0x0000000102c334e4 chromedriver + 505060
7   chromedriver                        0x0000000102c33f5c chromedriver + 507740
8   chromedriver                        0x0000000102f9b9b8 chromedriver + 4078008
9   chromedriver                        0x0000000102fa0770 chromedriver + 4097904
10  chromedriver                        0x0000000102f8255c chromedriver + 3974492
11  chromedriver                        0x0000000102fa1088 chromedriver + 4100232
12  chromedriver                        0x0000000102f73b4c chromedriver + 3914572
13  chromedriver                        0x0000000102fc1690 chromedriver + 4232848
14  chromedriver                        0x0000000102fc180c chromedriver + 4233228
15  chromedriver                        0x0000000102fd0558 chromedriver + 4293976
16  libsystem_pthread.dylib             0x000000018744e034 _pthread_start + 136
17  libsystem_pthread.dylib             0x0000000187448e3c thread_start + 8

./logs/02-Apr-24 01:44:11::__main__::ERROR::Resume upload failed
./logs/02-Apr-24 01:44:11::__main__::DEBUG::Resume: C:\Users\michaelramirez\Documents\Michael Ramirez Resume.pdf
./logs/02-Apr-24 01:44:11::__main__::DEBUG::Resume Locator: <selenium.webdriver.remote.webelement.WebElement (session="032a0b249212b300427a8a31fbee0e41", element="f.25FF4C904B1340A2539ADD865CDE78B0.d.83EA039CF08F805A62657BAE4D48E0ED.e.1029")>
./logs/02-Apr-24 01:44:11::__main__::ERROR::'Cover Letter'
./logs/02-Apr-24 01:44:11::__main__::ERROR::cannot apply to this job
./logs/02-Apr-24 01:44:11::__main__::INFO::
Position 3849089152:
 (5) Staff Engineer, Machine Learning | Madhive | LinkedIn 
 *Did not apply: Failed to send Resume 

./logs/02-Apr-24 01:44:11::__main__::INFO::Failed to apply to 3849089152
./logs/02-Apr-24 01:44:18::__main__::DEBUG::Easy Apply button not found
./logs/02-Apr-24 01:44:18::__main__::INFO::Clicking the EASY apply button
./logs/02-Apr-24 01:44:22::__main__::ERROR::Message: invalid argument: File not found : C:\Users\michaelramirez\Documents\Michael Ramirez Resume.pdf
  (Session info: chrome=123.0.6312.87)
Stacktrace:
0   chromedriver                        0x0000000102fd841c chromedriver + 4326428
1   chromedriver                        0x0000000102fd08e4 chromedriver + 4294884
2   chromedriver                        0x0000000102bfc088 chromedriver + 278664
3   chromedriver                        0x0000000102c38268 chromedriver + 524904
4   chromedriver                        0x0000000102c34dd0 chromedriver + 511440
5   chromedriver                        0x0000000102c774f8 chromedriver + 783608
6   chromedriver                        0x0000000102c334e4 chromedriver + 505060
7   chromedriver                        0x0000000102c33f5c chromedriver + 507740
8   chromedriver                        0x0000000102f9b9b8 chromedriver + 4078008
9   chromedriver                        0x0000000102fa0770 chromedriver + 4097904
10  chromedriver                        0x0000000102f8255c chromedriver + 3974492
11  chromedriver                        0x0000000102fa1088 chromedriver + 4100232
12  chromedriver                        0x0000000102f73b4c chromedriver + 3914572
13  chromedriver                        0x0000000102fc1690 chromedriver + 4232848
14  chromedriver                        0x0000000102fc180c chromedriver + 4233228
15  chromedriver                        0x0000000102fd0558 chromedriver + 4293976
16  libsystem_pthread.dylib             0x000000018744e034 _pthread_start + 136
17  libsystem_pthread.dylib             0x0000000187448e3c thread_start + 8

./logs/02-Apr-24 01:44:22::__main__::ERROR::Resume upload failed
./logs/02-Apr-24 01:44:22::__main__::DEBUG::Resume: C:\Users\michaelramirez\Documents\Michael Ramirez Resume.pdf
./logs/02-Apr-24 01:44:22::__main__::DEBUG::Resume Locator: <selenium.webdriver.remote.webelement.WebElement (session="032a0b249212b300427a8a31fbee0e41", element="f.25FF4C904B1340A2539ADD865CDE78B0.d.D0F15AE27B078E5376B3DA68D5221F39.e.1110")>
./logs/02-Apr-24 01:44:23::__main__::INFO::Application Submitted
./logs/02-Apr-24 01:44:24::__main__::INFO::Application Submitted
./logs/02-Apr-24 01:44:24::__main__::INFO::
Position 3834869433:
 (5) Generative AI Engineer | Storm6 | LinkedIn 
 *Applied: Sent Resume 

./logs/02-Apr-24 01:44:24::__main__::INFO::Applied to 3834869433
./logs/02-Apr-24 01:44:31::__main__::DEBUG::Easy Apply button not found
./logs/02-Apr-24 01:44:31::__main__::INFO::Clicking the EASY apply button
./logs/02-Apr-24 01:44:34::__main__::ERROR::Message: invalid argument: File not found : C:\Users\michaelramirez\Documents\Michael Ramirez Resume.pdf
  (Session info: chrome=123.0.6312.87)
Stacktrace:
0   chromedriver                        0x0000000102fd841c chromedriver + 4326428
1   chromedriver                        0x0000000102fd08e4 chromedriver + 4294884
2   chromedriver                        0x0000000102bfc088 chromedriver + 278664
3   chromedriver                        0x0000000102c38268 chromedriver + 524904
4   chromedriver                        0x0000000102c34dd0 chromedriver + 511440
5   chromedriver                        0x0000000102c774f8 chromedriver + 783608
6   chromedriver                        0x0000000102c334e4 chromedriver + 505060
7   chromedriver                        0x0000000102c33f5c chromedriver + 507740
8   chromedriver                        0x0000000102f9b9b8 chromedriver + 4078008
9   chromedriver                        0x0000000102fa0770 chromedriver + 4097904
10  chromedriver                        0x0000000102f8255c chromedriver + 3974492
11  chromedriver                        0x0000000102fa1088 chromedriver + 4100232
12  chromedriver                        0x0000000102f73b4c chromedriver + 3914572
13  chromedriver                        0x0000000102fc1690 chromedriver + 4232848
14  chromedriver                        0x0000000102fc180c chromedriver + 4233228
15  chromedriver                        0x0000000102fd0558 chromedriver + 4293976
16  libsystem_pthread.dylib             0x000000018744e034 _pthread_start + 136
17  libsystem_pthread.dylib             0x0000000187448e3c thread_start + 8

./logs/02-Apr-24 01:44:34::__main__::ERROR::Resume upload failed
./logs/02-Apr-24 01:44:34::__main__::DEBUG::Resume: C:\Users\michaelramirez\Documents\Michael Ramirez Resume.pdf
./logs/02-Apr-24 01:44:34::__main__::DEBUG::Resume Locator: <selenium.webdriver.remote.webelement.WebElement (session="032a0b249212b300427a8a31fbee0e41", element="f.25FF4C904B1340A2539ADD865CDE78B0.d.4D67ED044E76188152DDD017ABE3C258.e.1207")>
./logs/02-Apr-24 01:44:38::__main__::INFO::Application Submitted
./logs/02-Apr-24 01:44:39::__main__::INFO::Application Submitted
./logs/02-Apr-24 01:44:39::__main__::INFO::
Position 3875082688:
 (5) Machine Learning Engineer | Areti Group | LinkedIn 
 *Applied: Sent Resume 

./logs/02-Apr-24 01:44:39::__main__::INFO::Applied to 3875082688
./logs/02-Apr-24 01:44:47::__main__::DEBUG::Easy Apply button not found
./logs/02-Apr-24 01:44:47::__main__::INFO::Clicking the EASY apply button
./logs/02-Apr-24 01:44:50::__main__::ERROR::Message: invalid argument: File not found : C:\Users\michaelramirez\Documents\Michael Ramirez Resume.pdf
  (Session info: chrome=123.0.6312.87)
Stacktrace:
0   chromedriver                        0x0000000102fd841c chromedriver + 4326428
1   chromedriver                        0x0000000102fd08e4 chromedriver + 4294884
2   chromedriver                        0x0000000102bfc088 chromedriver + 278664
3   chromedriver                        0x0000000102c38268 chromedriver + 524904
4   chromedriver                        0x0000000102c34dd0 chromedriver + 511440
5   chromedriver                        0x0000000102c774f8 chromedriver + 783608
6   chromedriver                        0x0000000102c334e4 chromedriver + 505060
7   chromedriver                        0x0000000102c33f5c chromedriver + 507740
8   chromedriver                        0x0000000102f9b9b8 chromedriver + 4078008
9   chromedriver                        0x0000000102fa0770 chromedriver + 4097904
10  chromedriver                        0x0000000102f8255c chromedriver + 3974492
11  chromedriver                        0x0000000102fa1088 chromedriver + 4100232
12  chromedriver                        0x0000000102f73b4c chromedriver + 3914572
13  chromedriver                        0x0000000102fc1690 chromedriver + 4232848
14  chromedriver                        0x0000000102fc180c chromedriver + 4233228
15  chromedriver                        0x0000000102fd0558 chromedriver + 4293976
16  libsystem_pthread.dylib             0x000000018744e034 _pthread_start + 136
17  libsystem_pthread.dylib             0x0000000187448e3c thread_start + 8

./logs/02-Apr-24 01:44:50::__main__::ERROR::Resume upload failed
./logs/02-Apr-24 01:44:50::__main__::DEBUG::Resume: C:\Users\michaelramirez\Documents\Michael Ramirez Resume.pdf
./logs/02-Apr-24 01:44:50::__main__::DEBUG::Resume Locator: <selenium.webdriver.remote.webelement.WebElement (session="032a0b249212b300427a8a31fbee0e41", element="f.25FF4C904B1340A2539ADD865CDE78B0.d.F8A0FCEB97D1FE62B1C8209299B95F3E.e.1310")>
./logs/02-Apr-24 01:44:53::__main__::INFO::Please answer the questions, waiting 5 seconds...
./logs/02-Apr-24 01:44:58::__main__::INFO::Skipping application
./logs/02-Apr-24 01:45:01::__main__::INFO::Application Submitted
./logs/02-Apr-24 01:45:02::__main__::INFO::Application Submitted
./logs/02-Apr-24 01:45:02::__main__::INFO::
Position 3878514254:
 (5) Machine Learning Engineer | Colaberry | LinkedIn 
 *Applied: Sent Resume 

./logs/02-Apr-24 01:45:02::__main__::INFO::Applied to 3878514254
./logs/02-Apr-24 01:45:04::__main__::INFO::Loading next job page?
./logs/02-Apr-24 01:45:12::__main__::INFO::56.0 minutes left in this search
./logs/02-Apr-24 01:45:12::__main__::DEBUG::Sleeping for 1.5
./logs/02-Apr-24 01:45:24::__main__::DEBUG::Easy Apply button not found
./logs/02-Apr-24 01:45:24::__main__::INFO::Clicking the EASY apply button
./logs/02-Apr-24 01:45:28::__main__::ERROR::Message: invalid argument: File not found : C:\Users\michaelramirez\Documents\Michael Ramirez Resume.pdf
  (Session info: chrome=123.0.6312.87)
Stacktrace:
0   chromedriver                        0x0000000102fd841c chromedriver + 4326428
1   chromedriver                        0x0000000102fd08e4 chromedriver + 4294884
2   chromedriver                        0x0000000102bfc088 chromedriver + 278664
3   chromedriver                        0x0000000102c38268 chromedriver + 524904
4   chromedriver                        0x0000000102c34dd0 chromedriver + 511440
5   chromedriver                        0x0000000102c774f8 chromedriver + 783608
6   chromedriver                        0x0000000102c334e4 chromedriver + 505060
7   chromedriver                        0x0000000102c33f5c chromedriver + 507740
8   chromedriver                        0x0000000102f9b9b8 chromedriver + 4078008
9   chromedriver                        0x0000000102fa0770 chromedriver + 4097904
10  chromedriver                        0x0000000102f8255c chromedriver + 3974492
11  chromedriver                        0x0000000102fa1088 chromedriver + 4100232
12  chromedriver                        0x0000000102f73b4c chromedriver + 3914572
13  chromedriver                        0x0000000102fc1690 chromedriver + 4232848
14  chromedriver                        0x0000000102fc180c chromedriver + 4233228
15  chromedriver                        0x0000000102fd0558 chromedriver + 4293976
16  libsystem_pthread.dylib             0x000000018744e034 _pthread_start + 136
17  libsystem_pthread.dylib             0x0000000187448e3c thread_start + 8

./logs/02-Apr-24 01:45:28::__main__::ERROR::Resume upload failed
./logs/02-Apr-24 01:45:28::__main__::DEBUG::Resume: C:\Users\michaelramirez\Documents\Michael Ramirez Resume.pdf
./logs/02-Apr-24 01:45:28::__main__::DEBUG::Resume Locator: <selenium.webdriver.remote.webelement.WebElement (session="032a0b249212b300427a8a31fbee0e41", element="f.25FF4C904B1340A2539ADD865CDE78B0.d.EF132021CA2455F53BA4ED4039F20444.e.1632")>
./logs/02-Apr-24 01:45:32::__main__::INFO::Application Submitted
./logs/02-Apr-24 01:45:33::__main__::INFO::Application Submitted
./logs/02-Apr-24 01:45:33::__main__::INFO::
Position 3878912223:
 (5) Machine Learning Engineer | LTIMindtree | LinkedIn 
 *Applied: Sent Resume 

./logs/02-Apr-24 01:45:33::__main__::INFO::Applied to 3878912223
./logs/02-Apr-24 01:45:40::__main__::DEBUG::Easy Apply button not found
./logs/02-Apr-24 01:45:40::__main__::INFO::Clicking the EASY apply button
./logs/02-Apr-24 01:45:44::__main__::ERROR::Message: invalid argument: File not found : C:\Users\michaelramirez\Documents\Michael Ramirez Resume.pdf
  (Session info: chrome=123.0.6312.87)
Stacktrace:
0   chromedriver                        0x0000000102fd841c chromedriver + 4326428
1   chromedriver                        0x0000000102fd08e4 chromedriver + 4294884
2   chromedriver                        0x0000000102bfc088 chromedriver + 278664
3   chromedriver                        0x0000000102c38268 chromedriver + 524904
4   chromedriver                        0x0000000102c34dd0 chromedriver + 511440
5   chromedriver                        0x0000000102c774f8 chromedriver + 783608
6   chromedriver                        0x0000000102c334e4 chromedriver + 505060
7   chromedriver                        0x0000000102c33f5c chromedriver + 507740
8   chromedriver                        0x0000000102f9b9b8 chromedriver + 4078008
9   chromedriver                        0x0000000102fa0770 chromedriver + 4097904
10  chromedriver                        0x0000000102f8255c chromedriver + 3974492
11  chromedriver                        0x0000000102fa1088 chromedriver + 4100232
12  chromedriver                        0x0000000102f73b4c chromedriver + 3914572
13  chromedriver                        0x0000000102fc1690 chromedriver + 4232848
14  chromedriver                        0x0000000102fc180c chromedriver + 4233228
15  chromedriver                        0x0000000102fd0558 chromedriver + 4293976
16  libsystem_pthread.dylib             0x000000018744e034 _pthread_start + 136
17  libsystem_pthread.dylib             0x0000000187448e3c thread_start + 8

./logs/02-Apr-24 01:45:44::__main__::ERROR::Resume upload failed
./logs/02-Apr-24 01:45:44::__main__::DEBUG::Resume: C:\Users\michaelramirez\Documents\Michael Ramirez Resume.pdf
./logs/02-Apr-24 01:45:44::__main__::DEBUG::Resume Locator: <selenium.webdriver.remote.webelement.WebElement (session="032a0b249212b300427a8a31fbee0e41", element="f.25FF4C904B1340A2539ADD865CDE78B0.d.48D57A43077F3700C22F861AF4F1F46E.e.1748")>
./logs/02-Apr-24 01:45:46::__main__::INFO::Application Submitted
./logs/02-Apr-24 01:45:47::__main__::INFO::Application Submitted
./logs/02-Apr-24 01:45:47::__main__::INFO::
Position 3795878695:
 (5) Senior Machine Learning Engineer | WVA Technology Co. | LinkedIn 
 *Applied: Sent Resume 

./logs/02-Apr-24 01:45:47::__main__::INFO::Applied to 3795878695
./logs/02-Apr-24 01:45:54::__main__::DEBUG::Easy Apply button not found
./logs/02-Apr-24 01:45:54::__main__::INFO::Clicking the EASY apply button
./logs/02-Apr-24 01:45:56::__main__::ERROR::Message: invalid argument: File not found : C:\Users\michaelramirez\Documents\Michael Ramirez Resume.pdf
  (Session info: chrome=123.0.6312.87)
Stacktrace:
0   chromedriver                        0x0000000102fd841c chromedriver + 4326428
1   chromedriver                        0x0000000102fd08e4 chromedriver + 4294884
2   chromedriver                        0x0000000102bfc088 chromedriver + 278664
3   chromedriver                        0x0000000102c38268 chromedriver + 524904
4   chromedriver                        0x0000000102c34dd0 chromedriver + 511440
5   chromedriver                        0x0000000102c774f8 chromedriver + 783608
6   chromedriver                        0x0000000102c334e4 chromedriver + 505060
7   chromedriver                        0x0000000102c33f5c chromedriver + 507740
8   chromedriver                        0x0000000102f9b9b8 chromedriver + 4078008
9   chromedriver                        0x0000000102fa0770 chromedriver + 4097904
10  chromedriver                        0x0000000102f8255c chromedriver + 3974492
11  chromedriver                        0x0000000102fa1088 chromedriver + 4100232
12  chromedriver                        0x0000000102f73b4c chromedriver + 3914572
13  chromedriver                        0x0000000102fc1690 chromedriver + 4232848
14  chromedriver                        0x0000000102fc180c chromedriver + 4233228
15  chromedriver                        0x0000000102fd0558 chromedriver + 4293976
16  libsystem_pthread.dylib             0x000000018744e034 _pthread_start + 136
17  libsystem_pthread.dylib             0x0000000187448e3c thread_start + 8

./logs/02-Apr-24 01:45:56::__main__::ERROR::Resume upload failed
./logs/02-Apr-24 01:45:56::__main__::DEBUG::Resume: C:\Users\michaelramirez\Documents\Michael Ramirez Resume.pdf
./logs/02-Apr-24 01:45:56::__main__::DEBUG::Resume Locator: <selenium.webdriver.remote.webelement.WebElement (session="032a0b249212b300427a8a31fbee0e41", element="f.25FF4C904B1340A2539ADD865CDE78B0.d.9EB9884A4EF15CA780E4BA5D75D0577E.e.1851")>
./logs/02-Apr-24 01:45:56::__main__::INFO::Application Submitted
./logs/02-Apr-24 01:45:58::__main__::INFO::Application Submitted
./logs/02-Apr-24 01:45:58::__main__::INFO::
Position 3880712039:
 (5) Staff Machine Learning Engineer | Harnham | LinkedIn 
 *Applied: Sent Resume 

./logs/02-Apr-24 01:45:58::__main__::INFO::Applied to 3880712039
./logs/02-Apr-24 01:46:05::__main__::DEBUG::Easy Apply button not found
./logs/02-Apr-24 01:46:05::__main__::INFO::Clicking the EASY apply button
./logs/02-Apr-24 01:46:08::__main__::ERROR::Message: invalid argument: File not found : C:\Users\michaelramirez\Documents\Michael Ramirez Resume.pdf
  (Session info: chrome=123.0.6312.87)
Stacktrace:
0   chromedriver                        0x0000000102fd841c chromedriver + 4326428
1   chromedriver                        0x0000000102fd08e4 chromedriver + 4294884
2   chromedriver                        0x0000000102bfc088 chromedriver + 278664
3   chromedriver                        0x0000000102c38268 chromedriver + 524904
4   chromedriver                        0x0000000102c34dd0 chromedriver + 511440
5   chromedriver                        0x0000000102c774f8 chromedriver + 783608
6   chromedriver                        0x0000000102c334e4 chromedriver + 505060
7   chromedriver                        0x0000000102c33f5c chromedriver + 507740
8   chromedriver                        0x0000000102f9b9b8 chromedriver + 4078008
9   chromedriver                        0x0000000102fa0770 chromedriver + 4097904
10  chromedriver                        0x0000000102f8255c chromedriver + 3974492
11  chromedriver                        0x0000000102fa1088 chromedriver + 4100232
12  chromedriver                        0x0000000102f73b4c chromedriver + 3914572
13  chromedriver                        0x0000000102fc1690 chromedriver + 4232848
14  chromedriver                        0x0000000102fc180c chromedriver + 4233228
15  chromedriver                        0x0000000102fd0558 chromedriver + 4293976
16  libsystem_pthread.dylib             0x000000018744e034 _pthread_start + 136
17  libsystem_pthread.dylib             0x0000000187448e3c thread_start + 8

./logs/02-Apr-24 01:46:08::__main__::ERROR::Resume upload failed
./logs/02-Apr-24 01:46:08::__main__::DEBUG::Resume: C:\Users\michaelramirez\Documents\Michael Ramirez Resume.pdf
./logs/02-Apr-24 01:46:08::__main__::DEBUG::Resume Locator: <selenium.webdriver.remote.webelement.WebElement (session="032a0b249212b300427a8a31fbee0e41", element="f.25FF4C904B1340A2539ADD865CDE78B0.d.B6FFD88676851F39BE5F3AAB22F4E5A4.e.1942")>
./logs/02-Apr-24 01:46:09::__main__::INFO::Application Submitted
./logs/02-Apr-24 01:46:10::__main__::INFO::Application Submitted
./logs/02-Apr-24 01:46:10::__main__::INFO::
Position 3876212931:
 (5) CNC Machinist/Programmer | Jobot | LinkedIn 
 *Applied: Sent Resume 

./logs/02-Apr-24 01:46:10::__main__::INFO::Applied to 3876212931
./logs/02-Apr-24 01:46:17::__main__::DEBUG::Easy Apply button not found
./logs/02-Apr-24 01:46:17::__main__::INFO::Clicking the EASY apply button
./logs/02-Apr-24 01:46:20::__main__::ERROR::Message: invalid argument: File not found : C:\Users\michaelramirez\Documents\Michael Ramirez Resume.pdf
  (Session info: chrome=123.0.6312.87)
Stacktrace:
0   chromedriver                        0x0000000102fd841c chromedriver + 4326428
1   chromedriver                        0x0000000102fd08e4 chromedriver + 4294884
2   chromedriver                        0x0000000102bfc088 chromedriver + 278664
3   chromedriver                        0x0000000102c38268 chromedriver + 524904
4   chromedriver                        0x0000000102c34dd0 chromedriver + 511440
5   chromedriver                        0x0000000102c774f8 chromedriver + 783608
6   chromedriver                        0x0000000102c334e4 chromedriver + 505060
7   chromedriver                        0x0000000102c33f5c chromedriver + 507740
8   chromedriver                        0x0000000102f9b9b8 chromedriver + 4078008
9   chromedriver                        0x0000000102fa0770 chromedriver + 4097904
10  chromedriver                        0x0000000102f8255c chromedriver + 3974492
11  chromedriver                        0x0000000102fa1088 chromedriver + 4100232
12  chromedriver                        0x0000000102f73b4c chromedriver + 3914572
13  chromedriver                        0x0000000102fc1690 chromedriver + 4232848
14  chromedriver                        0x0000000102fc180c chromedriver + 4233228
15  chromedriver                        0x0000000102fd0558 chromedriver + 4293976
16  libsystem_pthread.dylib             0x000000018744e034 _pthread_start + 136
17  libsystem_pthread.dylib             0x0000000187448e3c thread_start + 8

./logs/02-Apr-24 01:46:20::__main__::ERROR::Resume upload failed
./logs/02-Apr-24 01:46:20::__main__::DEBUG::Resume: C:\Users\michaelramirez\Documents\Michael Ramirez Resume.pdf
./logs/02-Apr-24 01:46:20::__main__::DEBUG::Resume Locator: <selenium.webdriver.remote.webelement.WebElement (session="032a0b249212b300427a8a31fbee0e41", element="f.25FF4C904B1340A2539ADD865CDE78B0.d.957E26047CF9BF9BE8F5271E425989AD.e.2041")>
./logs/02-Apr-24 01:46:23::__main__::INFO::Application Submitted
./logs/02-Apr-24 01:46:24::__main__::INFO::Application Submitted
./logs/02-Apr-24 01:46:24::__main__::INFO::
Position 3799639911:
 (5) Staff Machine Learning Engineer | ADIUVARE, LLC | LinkedIn 
 *Applied: Sent Resume 

./logs/02-Apr-24 01:46:24::__main__::INFO::Applied to 3799639911
./logs/02-Apr-24 01:46:30::__main__::DEBUG::Easy Apply button not found
./logs/02-Apr-24 01:46:30::__main__::INFO::Clicking the EASY apply button
./logs/02-Apr-24 01:46:35::__main__::INFO::Please answer the questions, waiting 5 seconds...
./logs/02-Apr-24 01:46:40::__main__::INFO::Skipping application
./logs/02-Apr-24 01:46:42::__main__::ERROR::Message: invalid argument: File not found : C:\Users\michaelramirez\Documents\Michael Ramirez Resume.pdf
  (Session info: chrome=123.0.6312.87)
Stacktrace:
0   chromedriver                        0x0000000102fd841c chromedriver + 4326428
1   chromedriver                        0x0000000102fd08e4 chromedriver + 4294884
2   chromedriver                        0x0000000102bfc088 chromedriver + 278664
3   chromedriver                        0x0000000102c38268 chromedriver + 524904
4   chromedriver                        0x0000000102c34dd0 chromedriver + 511440
5   chromedriver                        0x0000000102c774f8 chromedriver + 783608
6   chromedriver                        0x0000000102c334e4 chromedriver + 505060
7   chromedriver                        0x0000000102c33f5c chromedriver + 507740
8   chromedriver                        0x0000000102f9b9b8 chromedriver + 4078008
9   chromedriver                        0x0000000102fa0770 chromedriver + 4097904
10  chromedriver                        0x0000000102f8255c chromedriver + 3974492
11  chromedriver                        0x0000000102fa1088 chromedriver + 4100232
12  chromedriver                        0x0000000102f73b4c chromedriver + 3914572
13  chromedriver                        0x0000000102fc1690 chromedriver + 4232848
14  chromedriver                        0x0000000102fc180c chromedriver + 4233228
15  chromedriver                        0x0000000102fd0558 chromedriver + 4293976
16  libsystem_pthread.dylib             0x000000018744e034 _pthread_start + 136
17  libsystem_pthread.dylib             0x0000000187448e3c thread_start + 8

./logs/02-Apr-24 01:46:42::__main__::ERROR::Resume upload failed
./logs/02-Apr-24 01:46:42::__main__::DEBUG::Resume: C:\Users\michaelramirez\Documents\Michael Ramirez Resume.pdf
./logs/02-Apr-24 01:46:42::__main__::DEBUG::Resume Locator: <selenium.webdriver.remote.webelement.WebElement (session="032a0b249212b300427a8a31fbee0e41", element="f.25FF4C904B1340A2539ADD865CDE78B0.d.236728EE997C729348820F5D33D80018.e.2160")>
./logs/02-Apr-24 01:46:42::__main__::ERROR::'Cover Letter'
./logs/02-Apr-24 01:46:42::__main__::ERROR::cannot apply to this job
./logs/02-Apr-24 01:46:42::__main__::INFO::
Position 3880721029:
 (5) Senior Frontend Engineer | Octave | LinkedIn 
 *Did not apply: Failed to send Resume 

./logs/02-Apr-24 01:46:42::__main__::INFO::Failed to apply to 3880721029
./logs/02-Apr-24 01:46:49::__main__::DEBUG::Easy Apply button not found
./logs/02-Apr-24 01:46:49::__main__::INFO::Clicking the EASY apply button
./logs/02-Apr-24 01:46:52::__main__::ERROR::Message: invalid argument: File not found : C:\Users\michaelramirez\Documents\Michael Ramirez Resume.pdf
  (Session info: chrome=123.0.6312.87)
Stacktrace:
0   chromedriver                        0x0000000102fd841c chromedriver + 4326428
1   chromedriver                        0x0000000102fd08e4 chromedriver + 4294884
2   chromedriver                        0x0000000102bfc088 chromedriver + 278664
3   chromedriver                        0x0000000102c38268 chromedriver + 524904
4   chromedriver                        0x0000000102c34dd0 chromedriver + 511440
5   chromedriver                        0x0000000102c774f8 chromedriver + 783608
6   chromedriver                        0x0000000102c334e4 chromedriver + 505060
7   chromedriver                        0x0000000102c33f5c chromedriver + 507740
8   chromedriver                        0x0000000102f9b9b8 chromedriver + 4078008
9   chromedriver                        0x0000000102fa0770 chromedriver + 4097904
10  chromedriver                        0x0000000102f8255c chromedriver + 3974492
11  chromedriver                        0x0000000102fa1088 chromedriver + 4100232
12  chromedriver                        0x0000000102f73b4c chromedriver + 3914572
13  chromedriver                        0x0000000102fc1690 chromedriver + 4232848
14  chromedriver                        0x0000000102fc180c chromedriver + 4233228
15  chromedriver                        0x0000000102fd0558 chromedriver + 4293976
16  libsystem_pthread.dylib             0x000000018744e034 _pthread_start + 136
17  libsystem_pthread.dylib             0x0000000187448e3c thread_start + 8

./logs/02-Apr-24 01:46:52::__main__::ERROR::Resume upload failed
./logs/02-Apr-24 01:46:52::__main__::DEBUG::Resume: C:\Users\michaelramirez\Documents\Michael Ramirez Resume.pdf
./logs/02-Apr-24 01:46:52::__main__::DEBUG::Resume Locator: <selenium.webdriver.remote.webelement.WebElement (session="032a0b249212b300427a8a31fbee0e41", element="f.25FF4C904B1340A2539ADD865CDE78B0.d.7141CA84C888726EC888F16596DC779E.e.2245")>
./logs/02-Apr-24 01:46:55::__main__::INFO::Please answer the questions, waiting 5 seconds...
./logs/02-Apr-24 01:47:00::__main__::INFO::Skipping application
./logs/02-Apr-24 01:47:02::__main__::INFO::Application Submitted
./logs/02-Apr-24 01:47:03::__main__::INFO::Application Submitted
./logs/02-Apr-24 01:47:03::__main__::INFO::
Position 3876982634:
 (5) Android Developer | Ascendion | LinkedIn 
 *Applied: Sent Resume 

./logs/02-Apr-24 01:47:03::__main__::INFO::Applied to 3876982634
./logs/02-Apr-24 01:47:10::__main__::DEBUG::Easy Apply button not found
./logs/02-Apr-24 01:47:10::__main__::INFO::Clicking the EASY apply button
./logs/02-Apr-24 01:47:13::__main__::ERROR::Message: invalid argument: File not found : C:\Users\michaelramirez\Documents\Michael Ramirez Resume.pdf
  (Session info: chrome=123.0.6312.87)
Stacktrace:
0   chromedriver                        0x0000000102fd841c chromedriver + 4326428
1   chromedriver                        0x0000000102fd08e4 chromedriver + 4294884
2   chromedriver                        0x0000000102bfc088 chromedriver + 278664
3   chromedriver                        0x0000000102c38268 chromedriver + 524904
4   chromedriver                        0x0000000102c34dd0 chromedriver + 511440
5   chromedriver                        0x0000000102c774f8 chromedriver + 783608
6   chromedriver                        0x0000000102c334e4 chromedriver + 505060
7   chromedriver                        0x0000000102c33f5c chromedriver + 507740
8   chromedriver                        0x0000000102f9b9b8 chromedriver + 4078008
9   chromedriver                        0x0000000102fa0770 chromedriver + 4097904
10  chromedriver                        0x0000000102f8255c chromedriver + 3974492
11  chromedriver                        0x0000000102fa1088 chromedriver + 4100232
12  chromedriver                        0x0000000102f73b4c chromedriver + 3914572
13  chromedriver                        0x0000000102fc1690 chromedriver + 4232848
14  chromedriver                        0x0000000102fc180c chromedriver + 4233228
15  chromedriver                        0x0000000102fd0558 chromedriver + 4293976
16  libsystem_pthread.dylib             0x000000018744e034 _pthread_start + 136
17  libsystem_pthread.dylib             0x0000000187448e3c thread_start + 8

./logs/02-Apr-24 01:47:13::__main__::ERROR::Resume upload failed
./logs/02-Apr-24 01:47:13::__main__::DEBUG::Resume: C:\Users\michaelramirez\Documents\Michael Ramirez Resume.pdf
./logs/02-Apr-24 01:47:13::__main__::DEBUG::Resume Locator: <selenium.webdriver.remote.webelement.WebElement (session="032a0b249212b300427a8a31fbee0e41", element="f.25FF4C904B1340A2539ADD865CDE78B0.d.022694616C809D30766AEB6146C9A64F.e.2352")>
./logs/02-Apr-24 01:47:15::__main__::INFO::Application Submitted
./logs/02-Apr-24 01:47:16::__main__::INFO::Application Submitted
./logs/02-Apr-24 01:47:16::__main__::INFO::
Position 3877209263:
 (5) System Engineer-Hybrid | Jobot | LinkedIn 
 *Applied: Sent Resume 

./logs/02-Apr-24 01:47:16::__main__::INFO::Applied to 3877209263
./logs/02-Apr-24 01:47:17::__main__::INFO::Loading next job page?
./logs/02-Apr-24 01:47:25::__main__::INFO::54.0 minutes left in this search
./logs/02-Apr-24 01:47:25::__main__::DEBUG::Sleeping for 2.0
./logs/02-Apr-24 01:47:30::__main__::DEBUG::Job ID not found, search keyword found instead? Senior Machine Learning Engineer
Houghton Mifflin Harcourt
United States (Remote)
$110K/yr - $135K/yr
23 school alumni work here
Promoted
./logs/02-Apr-24 01:47:30::__main__::DEBUG::Job ID not found, search keyword found instead? Security Engineer
Salt
United States (Remote)
$140K/yr - $150K/yr
Promoted
Easy Apply
./logs/02-Apr-24 01:47:31::__main__::DEBUG::Job ID not found, search keyword found instead? Senior AI/ML Developer
ECI Software Solutions
St Louis, MO (Remote)
13 school alumni work here
Promoted
12 applicants
./logs/02-Apr-24 01:47:31::__main__::DEBUG::Job ID not found, search keyword found instead? Data Scientist - Generative AI - Remote
Mayo Clinic
Rochester, MN (Remote)
$164.0K/yr - $237.8K/yr
1,172 school alumni work here
4 days ago
./logs/02-Apr-24 01:47:31::__main__::DEBUG::Job ID not found, search keyword found instead? Machine Learning Engineer, Training Infrastructure
Runway
United States (Remote)
3 days ago
./logs/02-Apr-24 01:47:31::__main__::DEBUG::Job ID not found, search keyword found instead? Senior Backend Engineer (Java)
Intellibus
Manhattan, NY (Remote)
Applicant review time is typically 2 days
5 hours ago
Within the past 24 hours
Easy Apply
./logs/02-Apr-24 01:47:37::__main__::DEBUG::Easy Apply button not found
./logs/02-Apr-24 01:47:37::__main__::INFO::Clicking the EASY apply button
./logs/02-Apr-24 01:47:42::__main__::INFO::Please answer the questions, waiting 5 seconds...
./logs/02-Apr-24 01:47:47::__main__::INFO::Skipping application
./logs/02-Apr-24 01:47:49::__main__::ERROR::Message: invalid argument: File not found : C:\Users\michaelramirez\Documents\Michael Ramirez Resume.pdf
  (Session info: chrome=123.0.6312.87)
Stacktrace:
0   chromedriver                        0x0000000102fd841c chromedriver + 4326428
1   chromedriver                        0x0000000102fd08e4 chromedriver + 4294884
2   chromedriver                        0x0000000102bfc088 chromedriver + 278664
3   chromedriver                        0x0000000102c38268 chromedriver + 524904
4   chromedriver                        0x0000000102c34dd0 chromedriver + 511440
5   chromedriver                        0x0000000102c774f8 chromedriver + 783608
6   chromedriver                        0x0000000102c334e4 chromedriver + 505060
7   chromedriver                        0x0000000102c33f5c chromedriver + 507740
8   chromedriver                        0x0000000102f9b9b8 chromedriver + 4078008
9   chromedriver                        0x0000000102fa0770 chromedriver + 4097904
10  chromedriver                        0x0000000102f8255c chromedriver + 3974492
11  chromedriver                        0x0000000102fa1088 chromedriver + 4100232
12  chromedriver                        0x0000000102f73b4c chromedriver + 3914572
13  chromedriver                        0x0000000102fc1690 chromedriver + 4232848
14  chromedriver                        0x0000000102fc180c chromedriver + 4233228
15  chromedriver                        0x0000000102fd0558 chromedriver + 4293976
16  libsystem_pthread.dylib             0x000000018744e034 _pthread_start + 136
17  libsystem_pthread.dylib             0x0000000187448e3c thread_start + 8

./logs/02-Apr-24 01:47:49::__main__::ERROR::Resume upload failed
./logs/02-Apr-24 01:47:49::__main__::DEBUG::Resume: C:\Users\michaelramirez\Documents\Michael Ramirez Resume.pdf
./logs/02-Apr-24 01:47:49::__main__::DEBUG::Resume Locator: <selenium.webdriver.remote.webelement.WebElement (session="032a0b249212b300427a8a31fbee0e41", element="f.25FF4C904B1340A2539ADD865CDE78B0.d.381CC2C455B5E3B4F823BA77B991DDB4.e.2673")>
./logs/02-Apr-24 01:47:49::__main__::ERROR::'Cover Letter'
./logs/02-Apr-24 01:47:49::__main__::ERROR::cannot apply to this job
./logs/02-Apr-24 01:47:49::__main__::INFO::
Position 3880721029:
 (5) Senior Frontend Engineer | Octave | LinkedIn 
 *Did not apply: Failed to send Resume 

./logs/02-Apr-24 01:47:49::__main__::INFO::Failed to apply to 3880721029
./logs/02-Apr-24 01:47:51::__main__::INFO::Loading next job page?
./logs/02-Apr-24 01:47:59::__main__::INFO::54.0 minutes left in this search
./logs/02-Apr-24 01:47:59::__main__::DEBUG::Sleeping for 2.4
./logs/02-Apr-24 01:48:11::__main__::DEBUG::Easy Apply button not found
./logs/02-Apr-24 01:48:11::__main__::INFO::Clicking the EASY apply button
./logs/02-Apr-24 01:48:15::__main__::ERROR::Message: invalid argument: File not found : C:\Users\michaelramirez\Documents\Michael Ramirez Resume.pdf
  (Session info: chrome=123.0.6312.87)
Stacktrace:
0   chromedriver                        0x0000000102fd841c chromedriver + 4326428
1   chromedriver                        0x0000000102fd08e4 chromedriver + 4294884
2   chromedriver                        0x0000000102bfc088 chromedriver + 278664
3   chromedriver                        0x0000000102c38268 chromedriver + 524904
4   chromedriver                        0x0000000102c34dd0 chromedriver + 511440
5   chromedriver                        0x0000000102c774f8 chromedriver + 783608
6   chromedriver                        0x0000000102c334e4 chromedriver + 505060
7   chromedriver                        0x0000000102c33f5c chromedriver + 507740
8   chromedriver                        0x0000000102f9b9b8 chromedriver + 4078008
9   chromedriver                        0x0000000102fa0770 chromedriver + 4097904
10  chromedriver                        0x0000000102f8255c chromedriver + 3974492
11  chromedriver                        0x0000000102fa1088 chromedriver + 4100232
12  chromedriver                        0x0000000102f73b4c chromedriver + 3914572
13  chromedriver                        0x0000000102fc1690 chromedriver + 4232848
14  chromedriver                        0x0000000102fc180c chromedriver + 4233228
15  chromedriver                        0x0000000102fd0558 chromedriver + 4293976
16  libsystem_pthread.dylib             0x000000018744e034 _pthread_start + 136
17  libsystem_pthread.dylib             0x0000000187448e3c thread_start + 8

./logs/02-Apr-24 01:48:15::__main__::ERROR::Resume upload failed
./logs/02-Apr-24 01:48:15::__main__::DEBUG::Resume: C:\Users\michaelramirez\Documents\Michael Ramirez Resume.pdf
./logs/02-Apr-24 01:48:15::__main__::DEBUG::Resume Locator: <selenium.webdriver.remote.webelement.WebElement (session="032a0b249212b300427a8a31fbee0e41", element="f.25FF4C904B1340A2539ADD865CDE78B0.d.198BF674296F12AFD10EE897FD3CC95F.e.2900")>
./logs/02-Apr-24 01:48:17::__main__::INFO::Please answer the questions, waiting 5 seconds...
./logs/02-Apr-24 01:48:22::__main__::INFO::Skipping application
./logs/02-Apr-24 01:48:23::__main__::INFO::Please answer the questions, waiting 5 seconds...
./logs/02-Apr-24 01:48:28::__main__::INFO::Skipping application
./logs/02-Apr-24 01:48:30::__main__::INFO::Application Submitted
./logs/02-Apr-24 01:48:32::__main__::INFO::Application Submitted
./logs/02-Apr-24 01:48:32::__main__::INFO::
Position 3843923427:
 (5) Machine Learning Engineer | AllCloud | LinkedIn 
 *Applied: Sent Resume 

./logs/02-Apr-24 01:48:32::__main__::INFO::Applied to 3843923427
./logs/02-Apr-24 01:48:38::__main__::DEBUG::Easy Apply button not found
./logs/02-Apr-24 01:48:38::__main__::INFO::Clicking the EASY apply button
./logs/02-Apr-24 01:48:42::__main__::ERROR::Message: invalid argument: File not found : C:\Users\michaelramirez\Documents\Michael Ramirez Resume.pdf
  (Session info: chrome=123.0.6312.87)
Stacktrace:
0   chromedriver                        0x0000000102fd841c chromedriver + 4326428
1   chromedriver                        0x0000000102fd08e4 chromedriver + 4294884
2   chromedriver                        0x0000000102bfc088 chromedriver + 278664
3   chromedriver                        0x0000000102c38268 chromedriver + 524904
4   chromedriver                        0x0000000102c34dd0 chromedriver + 511440
5   chromedriver                        0x0000000102c774f8 chromedriver + 783608
6   chromedriver                        0x0000000102c334e4 chromedriver + 505060
7   chromedriver                        0x0000000102c33f5c chromedriver + 507740
8   chromedriver                        0x0000000102f9b9b8 chromedriver + 4078008
9   chromedriver                        0x0000000102fa0770 chromedriver + 4097904
10  chromedriver                        0x0000000102f8255c chromedriver + 3974492
11  chromedriver                        0x0000000102fa1088 chromedriver + 4100232
12  chromedriver                        0x0000000102f73b4c chromedriver + 3914572
13  chromedriver                        0x0000000102fc1690 chromedriver + 4232848
14  chromedriver                        0x0000000102fc180c chromedriver + 4233228
15  chromedriver                        0x0000000102fd0558 chromedriver + 4293976
16  libsystem_pthread.dylib             0x000000018744e034 _pthread_start + 136
17  libsystem_pthread.dylib             0x0000000187448e3c thread_start + 8

./logs/02-Apr-24 01:48:42::__main__::ERROR::Resume upload failed
./logs/02-Apr-24 01:48:42::__main__::DEBUG::Resume: C:\Users\michaelramirez\Documents\Michael Ramirez Resume.pdf
./logs/02-Apr-24 01:48:42::__main__::DEBUG::Resume Locator: <selenium.webdriver.remote.webelement.WebElement (session="032a0b249212b300427a8a31fbee0e41", element="f.25FF4C904B1340A2539ADD865CDE78B0.d.6E0066ADFAAAF154C3781488473999F5.e.3003")>
./logs/02-Apr-24 01:48:42::__main__::ERROR::'Cover Letter'
./logs/02-Apr-24 01:48:42::__main__::ERROR::cannot apply to this job
./logs/02-Apr-24 01:48:42::__main__::INFO::
Position 3866620420:
 (5) Staff Machine Learning Engineer | Path Robotics | LinkedIn 
 *Did not apply: Failed to send Resume 

./logs/02-Apr-24 01:48:42::__main__::INFO::Failed to apply to 3866620420
./logs/02-Apr-24 01:48:49::__main__::DEBUG::Easy Apply button not found
./logs/02-Apr-24 01:48:49::__main__::INFO::Clicking the EASY apply button
./logs/02-Apr-24 01:48:53::__main__::INFO::Please answer the questions, waiting 5 seconds...
./logs/02-Apr-24 01:48:58::__main__::INFO::Skipping application
./logs/02-Apr-24 01:48:59::__main__::ERROR::Message: invalid argument: File not found : C:\Users\michaelramirez\Documents\Michael Ramirez Resume.pdf
  (Session info: chrome=123.0.6312.87)
Stacktrace:
0   chromedriver                        0x0000000102fd841c chromedriver + 4326428
1   chromedriver                        0x0000000102fd08e4 chromedriver + 4294884
2   chromedriver                        0x0000000102bfc088 chromedriver + 278664
3   chromedriver                        0x0000000102c38268 chromedriver + 524904
4   chromedriver                        0x0000000102c34dd0 chromedriver + 511440
5   chromedriver                        0x0000000102c774f8 chromedriver + 783608
6   chromedriver                        0x0000000102c334e4 chromedriver + 505060
7   chromedriver                        0x0000000102c33f5c chromedriver + 507740
8   chromedriver                        0x0000000102f9b9b8 chromedriver + 4078008
9   chromedriver                        0x0000000102fa0770 chromedriver + 4097904
10  chromedriver                        0x0000000102f8255c chromedriver + 3974492
11  chromedriver                        0x0000000102fa1088 chromedriver + 4100232
12  chromedriver                        0x0000000102f73b4c chromedriver + 3914572
13  chromedriver                        0x0000000102fc1690 chromedriver + 4232848
14  chromedriver                        0x0000000102fc180c chromedriver + 4233228
15  chromedriver                        0x0000000102fd0558 chromedriver + 4293976
16  libsystem_pthread.dylib             0x000000018744e034 _pthread_start + 136
17  libsystem_pthread.dylib             0x0000000187448e3c thread_start + 8

./logs/02-Apr-24 01:48:59::__main__::ERROR::Resume upload failed
./logs/02-Apr-24 01:48:59::__main__::DEBUG::Resume: C:\Users\michaelramirez\Documents\Michael Ramirez Resume.pdf
./logs/02-Apr-24 01:48:59::__main__::DEBUG::Resume Locator: <selenium.webdriver.remote.webelement.WebElement (session="032a0b249212b300427a8a31fbee0e41", element="f.25FF4C904B1340A2539ADD865CDE78B0.d.8A30DA432E838944F3436E08251D213D.e.3101")>
./logs/02-Apr-24 01:48:59::__main__::ERROR::'Cover Letter'
./logs/02-Apr-24 01:48:59::__main__::ERROR::cannot apply to this job
./logs/02-Apr-24 01:48:59::__main__::INFO::
Position 3835742380:
 (5) Principal AI/ML Engineer, Search & Recommendations | Upwork | LinkedIn 
 *Did not apply: Failed to send Resume 

./logs/02-Apr-24 01:48:59::__main__::INFO::Failed to apply to 3835742380
./logs/02-Apr-24 01:49:06::__main__::DEBUG::Easy Apply button not found
./logs/02-Apr-24 01:49:06::__main__::INFO::Clicking the EASY apply button
./logs/02-Apr-24 01:49:10::__main__::ERROR::Message: invalid argument: File not found : C:\Users\michaelramirez\Documents\Michael Ramirez Resume.pdf
  (Session info: chrome=123.0.6312.87)
Stacktrace:
0   chromedriver                        0x0000000102fd841c chromedriver + 4326428
1   chromedriver                        0x0000000102fd08e4 chromedriver + 4294884
2   chromedriver                        0x0000000102bfc088 chromedriver + 278664
3   chromedriver                        0x0000000102c38268 chromedriver + 524904
4   chromedriver                        0x0000000102c34dd0 chromedriver + 511440
5   chromedriver                        0x0000000102c774f8 chromedriver + 783608
6   chromedriver                        0x0000000102c334e4 chromedriver + 505060
7   chromedriver                        0x0000000102c33f5c chromedriver + 507740
8   chromedriver                        0x0000000102f9b9b8 chromedriver + 4078008
9   chromedriver                        0x0000000102fa0770 chromedriver + 4097904
10  chromedriver                        0x0000000102f8255c chromedriver + 3974492
11  chromedriver                        0x0000000102fa1088 chromedriver + 4100232
12  chromedriver                        0x0000000102f73b4c chromedriver + 3914572
13  chromedriver                        0x0000000102fc1690 chromedriver + 4232848
14  chromedriver                        0x0000000102fc180c chromedriver + 4233228
15  chromedriver                        0x0000000102fd0558 chromedriver + 4293976
16  libsystem_pthread.dylib             0x000000018744e034 _pthread_start + 136
17  libsystem_pthread.dylib             0x0000000187448e3c thread_start + 8

./logs/02-Apr-24 01:49:10::__main__::ERROR::Resume upload failed
./logs/02-Apr-24 01:49:10::__main__::DEBUG::Resume: C:\Users\michaelramirez\Documents\Michael Ramirez Resume.pdf
./logs/02-Apr-24 01:49:10::__main__::DEBUG::Resume Locator: <selenium.webdriver.remote.webelement.WebElement (session="032a0b249212b300427a8a31fbee0e41", element="f.25FF4C904B1340A2539ADD865CDE78B0.d.A1CAB8A5836D3A93ECFD6BA9CA84416E.e.3177")>
./logs/02-Apr-24 01:49:12::__main__::INFO::Application Submitted
./logs/02-Apr-24 01:49:13::__main__::INFO::Please answer the questions, waiting 5 seconds...
./logs/02-Apr-24 01:49:18::__main__::INFO::Application Submitted
./logs/02-Apr-24 01:49:19::__main__::INFO::Application Submitted
./logs/02-Apr-24 01:49:19::__main__::INFO::
Position 3873222796:
 (5) Senior Machine Learning Engineer | The Judge Group | LinkedIn 
 *Applied: Sent Resume 

./logs/02-Apr-24 01:49:19::__main__::INFO::Applied to 3873222796
./logs/02-Apr-24 01:49:26::__main__::DEBUG::Easy Apply button not found
./logs/02-Apr-24 01:49:26::__main__::INFO::Clicking the EASY apply button
./logs/02-Apr-24 01:49:29::__main__::ERROR::Message: invalid argument: File not found : C:\Users\michaelramirez\Documents\Michael Ramirez Resume.pdf
  (Session info: chrome=123.0.6312.87)
Stacktrace:
0   chromedriver                        0x0000000102fd841c chromedriver + 4326428
1   chromedriver                        0x0000000102fd08e4 chromedriver + 4294884
2   chromedriver                        0x0000000102bfc088 chromedriver + 278664
3   chromedriver                        0x0000000102c38268 chromedriver + 524904
4   chromedriver                        0x0000000102c34dd0 chromedriver + 511440
5   chromedriver                        0x0000000102c774f8 chromedriver + 783608
6   chromedriver                        0x0000000102c334e4 chromedriver + 505060
7   chromedriver                        0x0000000102c33f5c chromedriver + 507740
8   chromedriver                        0x0000000102f9b9b8 chromedriver + 4078008
9   chromedriver                        0x0000000102fa0770 chromedriver + 4097904
10  chromedriver                        0x0000000102f8255c chromedriver + 3974492
11  chromedriver                        0x0000000102fa1088 chromedriver + 4100232
12  chromedriver                        0x0000000102f73b4c chromedriver + 3914572
13  chromedriver                        0x0000000102fc1690 chromedriver + 4232848
14  chromedriver                        0x0000000102fc180c chromedriver + 4233228
15  chromedriver                        0x0000000102fd0558 chromedriver + 4293976
16  libsystem_pthread.dylib             0x000000018744e034 _pthread_start + 136
17  libsystem_pthread.dylib             0x0000000187448e3c thread_start + 8

./logs/02-Apr-24 01:49:29::__main__::ERROR::Resume upload failed
./logs/02-Apr-24 01:49:29::__main__::DEBUG::Resume: C:\Users\michaelramirez\Documents\Michael Ramirez Resume.pdf
./logs/02-Apr-24 01:49:29::__main__::DEBUG::Resume Locator: <selenium.webdriver.remote.webelement.WebElement (session="032a0b249212b300427a8a31fbee0e41", element="f.25FF4C904B1340A2539ADD865CDE78B0.d.F83DB4FEAA8E32B2DCB7E4CD4B948FC8.e.3286")>
./logs/02-Apr-24 01:49:30::__main__::INFO::Application Submitted
./logs/02-Apr-24 01:49:32::__main__::INFO::Application Submitted
./logs/02-Apr-24 01:49:32::__main__::INFO::
Position 3847646433:
 (5) Senior NLP Engineer - Generative AI | Strativ Group | LinkedIn 
 *Applied: Sent Resume 

./logs/02-Apr-24 01:49:32::__main__::INFO::Applied to 3847646433
./logs/02-Apr-24 01:49:39::__main__::DEBUG::Easy Apply button not found
./logs/02-Apr-24 01:49:39::__main__::INFO::Clicking the EASY apply button
./logs/02-Apr-24 01:49:43::__main__::ERROR::Message: invalid argument: File not found : C:\Users\michaelramirez\Documents\Michael Ramirez Resume.pdf
  (Session info: chrome=123.0.6312.87)
Stacktrace:
0   chromedriver                        0x0000000102fd841c chromedriver + 4326428
1   chromedriver                        0x0000000102fd08e4 chromedriver + 4294884
2   chromedriver                        0x0000000102bfc088 chromedriver + 278664
3   chromedriver                        0x0000000102c38268 chromedriver + 524904
4   chromedriver                        0x0000000102c34dd0 chromedriver + 511440
5   chromedriver                        0x0000000102c774f8 chromedriver + 783608
6   chromedriver                        0x0000000102c334e4 chromedriver + 505060
7   chromedriver                        0x0000000102c33f5c chromedriver + 507740
8   chromedriver                        0x0000000102f9b9b8 chromedriver + 4078008
9   chromedriver                        0x0000000102fa0770 chromedriver + 4097904
10  chromedriver                        0x0000000102f8255c chromedriver + 3974492
11  chromedriver                        0x0000000102fa1088 chromedriver + 4100232
12  chromedriver                        0x0000000102f73b4c chromedriver + 3914572
13  chromedriver                        0x0000000102fc1690 chromedriver + 4232848
14  chromedriver                        0x0000000102fc180c chromedriver + 4233228
15  chromedriver                        0x0000000102fd0558 chromedriver + 4293976
16  libsystem_pthread.dylib             0x000000018744e034 _pthread_start + 136
17  libsystem_pthread.dylib             0x0000000187448e3c thread_start + 8

./logs/02-Apr-24 01:49:43::__main__::ERROR::Resume upload failed
./logs/02-Apr-24 01:49:43::__main__::DEBUG::Resume: C:\Users\michaelramirez\Documents\Michael Ramirez Resume.pdf
./logs/02-Apr-24 01:49:43::__main__::DEBUG::Resume Locator: <selenium.webdriver.remote.webelement.WebElement (session="032a0b249212b300427a8a31fbee0e41", element="f.25FF4C904B1340A2539ADD865CDE78B0.d.CB30767133B634319E91D7F0DB7071CD.e.3379")>
./logs/02-Apr-24 01:49:45::__main__::INFO::Please answer the questions, waiting 5 seconds...
./logs/02-Apr-24 01:49:50::__main__::INFO::Skipping application
./logs/02-Apr-24 01:49:52::__main__::INFO::Please answer the questions, waiting 5 seconds...
./logs/02-Apr-24 01:49:57::__main__::INFO::Skipping application
./logs/02-Apr-24 01:50:00::__main__::INFO::Application Submitted
./logs/02-Apr-24 01:50:01::__main__::INFO::Application Submitted
./logs/02-Apr-24 01:50:01::__main__::INFO::
Position 3873734752:
 (5) Machine Learning Engineer | nVenue | LinkedIn 
 *Applied: Sent Resume 

./logs/02-Apr-24 01:50:01::__main__::INFO::Applied to 3873734752
./logs/02-Apr-24 01:50:08::__main__::DEBUG::Easy Apply button not found
./logs/02-Apr-24 01:50:08::__main__::INFO::Clicking the EASY apply button
./logs/02-Apr-24 01:50:11::__main__::ERROR::Message: invalid argument: File not found : C:\Users\michaelramirez\Documents\Michael Ramirez Resume.pdf
  (Session info: chrome=123.0.6312.87)
Stacktrace:
0   chromedriver                        0x0000000102fd841c chromedriver + 4326428
1   chromedriver                        0x0000000102fd08e4 chromedriver + 4294884
2   chromedriver                        0x0000000102bfc088 chromedriver + 278664
3   chromedriver                        0x0000000102c38268 chromedriver + 524904
4   chromedriver                        0x0000000102c34dd0 chromedriver + 511440
5   chromedriver                        0x0000000102c774f8 chromedriver + 783608
6   chromedriver                        0x0000000102c334e4 chromedriver + 505060
7   chromedriver                        0x0000000102c33f5c chromedriver + 507740
8   chromedriver                        0x0000000102f9b9b8 chromedriver + 4078008
9   chromedriver                        0x0000000102fa0770 chromedriver + 4097904
10  chromedriver                        0x0000000102f8255c chromedriver + 3974492
11  chromedriver                        0x0000000102fa1088 chromedriver + 4100232
12  chromedriver                        0x0000000102f73b4c chromedriver + 3914572
13  chromedriver                        0x0000000102fc1690 chromedriver + 4232848
14  chromedriver                        0x0000000102fc180c chromedriver + 4233228
15  chromedriver                        0x0000000102fd0558 chromedriver + 4293976
16  libsystem_pthread.dylib             0x000000018744e034 _pthread_start + 136
17  libsystem_pthread.dylib             0x0000000187448e3c thread_start + 8

./logs/02-Apr-24 01:50:11::__main__::ERROR::Resume upload failed
./logs/02-Apr-24 01:50:11::__main__::DEBUG::Resume: C:\Users\michaelramirez\Documents\Michael Ramirez Resume.pdf
./logs/02-Apr-24 01:50:11::__main__::DEBUG::Resume Locator: <selenium.webdriver.remote.webelement.WebElement (session="032a0b249212b300427a8a31fbee0e41", element="f.25FF4C904B1340A2539ADD865CDE78B0.d.7E64BC79CFCE5A22263DE3BDC10B0AEF.e.3501")>
./logs/02-Apr-24 01:50:11::__main__::ERROR::'Cover Letter'
./logs/02-Apr-24 01:50:11::__main__::ERROR::cannot apply to this job
./logs/02-Apr-24 01:50:11::__main__::INFO::
Position 3865698147:
 (5) Research Engineer - Machine Learning | Cloudflare | LinkedIn 
 *Did not apply: Failed to send Resume 

./logs/02-Apr-24 01:50:11::__main__::INFO::Failed to apply to 3865698147
./logs/02-Apr-24 01:50:13::__main__::INFO::Loading next job page?
./logs/02-Apr-24 01:50:22::__main__::INFO::51.0 minutes left in this search
./logs/02-Apr-24 01:50:22::__main__::DEBUG::Sleeping for 2.5
./logs/02-Apr-24 01:50:34::__main__::DEBUG::Easy Apply button not found
./logs/02-Apr-24 01:50:34::__main__::INFO::Clicking the EASY apply button
./logs/02-Apr-24 01:50:38::__main__::ERROR::Message: invalid argument: File not found : C:\Users\michaelramirez\Documents\Michael Ramirez Resume.pdf
  (Session info: chrome=123.0.6312.87)
Stacktrace:
0   chromedriver                        0x0000000102fd841c chromedriver + 4326428
1   chromedriver                        0x0000000102fd08e4 chromedriver + 4294884
2   chromedriver                        0x0000000102bfc088 chromedriver + 278664
3   chromedriver                        0x0000000102c38268 chromedriver + 524904
4   chromedriver                        0x0000000102c34dd0 chromedriver + 511440
5   chromedriver                        0x0000000102c774f8 chromedriver + 783608
6   chromedriver                        0x0000000102c334e4 chromedriver + 505060
7   chromedriver                        0x0000000102c33f5c chromedriver + 507740
8   chromedriver                        0x0000000102f9b9b8 chromedriver + 4078008
9   chromedriver                        0x0000000102fa0770 chromedriver + 4097904
10  chromedriver                        0x0000000102f8255c chromedriver + 3974492
11  chromedriver                        0x0000000102fa1088 chromedriver + 4100232
12  chromedriver                        0x0000000102f73b4c chromedriver + 3914572
13  chromedriver                        0x0000000102fc1690 chromedriver + 4232848
14  chromedriver                        0x0000000102fc180c chromedriver + 4233228
15  chromedriver                        0x0000000102fd0558 chromedriver + 4293976
16  libsystem_pthread.dylib             0x000000018744e034 _pthread_start + 136
17  libsystem_pthread.dylib             0x0000000187448e3c thread_start + 8

./logs/02-Apr-24 01:50:38::__main__::ERROR::Resume upload failed
./logs/02-Apr-24 01:50:38::__main__::DEBUG::Resume: C:\Users\michaelramirez\Documents\Michael Ramirez Resume.pdf
./logs/02-Apr-24 01:50:38::__main__::DEBUG::Resume Locator: <selenium.webdriver.remote.webelement.WebElement (session="032a0b249212b300427a8a31fbee0e41", element="f.25FF4C904B1340A2539ADD865CDE78B0.d.D1AF7130344A85D9929483660DC7825F.e.3732")>
./logs/02-Apr-24 01:50:38::__main__::ERROR::'Cover Letter'
./logs/02-Apr-24 01:50:38::__main__::ERROR::cannot apply to this job
./logs/02-Apr-24 01:50:38::__main__::INFO::
Position 3866620420:
 (5) Staff Machine Learning Engineer | Path Robotics | LinkedIn 
 *Did not apply: Failed to send Resume 

./logs/02-Apr-24 01:50:38::__main__::INFO::Failed to apply to 3866620420
./logs/02-Apr-24 01:50:45::__main__::INFO::Clicking the EASY apply button
